Started GET "/" for 127.0.0.1 at 2023-10-31 20:34:44 -0300
  
ActiveRecord::ConnectionNotEstablished (connection to server at "localhost" (::1), port 5432 failed: server closed the connection unexpectedly
	This probably means the server terminated abnormally
	before or while processing the request.
):
  
activerecord (7.1.1) lib/active_record/connection_adapters/postgresql_adapter.rb:80:in `rescue in new_client'
activerecord (7.1.1) lib/active_record/connection_adapters/postgresql_adapter.rb:68:in `new_client'
activerecord (7.1.1) lib/active_record/connection_adapters/postgresql_adapter.rb:981:in `connect'
activerecord (7.1.1) lib/active_record/connection_adapters/postgresql_adapter.rb:993:in `reconnect'
activerecord (7.1.1) lib/active_record/connection_adapters/abstract_adapter.rb:685:in `block in reconnect!'
activesupport (7.1.1) lib/active_support/concurrency/null_lock.rb:9:in `synchronize'
activerecord (7.1.1) lib/active_record/connection_adapters/abstract_adapter.rb:684:in `reconnect!'
activerecord (7.1.1) lib/active_record/connection_adapters/abstract_adapter.rb:788:in `verify!'
activerecord (7.1.1) lib/active_record/connection_adapters/abstract_adapter.rb:795:in `connect!'
activerecord (7.1.1) lib/active_record/connection_adapters/abstract_adapter.rb:997:in `block in with_raw_connection'
activesupport (7.1.1) lib/active_support/concurrency/null_lock.rb:9:in `synchronize'
activerecord (7.1.1) lib/active_record/connection_adapters/abstract_adapter.rb:996:in `with_raw_connection'
activerecord (7.1.1) lib/active_record/connection_adapters/abstract_adapter.rb:1104:in `valid_raw_connection'
activerecord (7.1.1) lib/active_record/connection_adapters/postgresql_adapter.rb:619:in `get_database_version'
activerecord (7.1.1) lib/active_record/connection_adapters/schema_cache.rb:374:in `database_version'
activerecord (7.1.1) lib/active_record/connection_adapters/schema_cache.rb:70:in `database_version'
activerecord (7.1.1) lib/active_record/connection_adapters/schema_cache.rb:200:in `database_version'
activerecord (7.1.1) lib/active_record/connection_adapters/abstract_adapter.rb:871:in `database_version'
activerecord (7.1.1) lib/active_record/connection_adapters/postgresql_adapter.rb:647:in `check_version'
activerecord (7.1.1) lib/active_record/connection_adapters/abstract/connection_pool.rb:675:in `new_connection'
activerecord (7.1.1) lib/active_record/connection_adapters/abstract/connection_pool.rb:720:in `checkout_new_connection'
activerecord (7.1.1) lib/active_record/connection_adapters/abstract/connection_pool.rb:699:in `try_to_checkout_new_connection'
activerecord (7.1.1) lib/active_record/connection_adapters/abstract/connection_pool.rb:657:in `acquire_connection'
activerecord (7.1.1) lib/active_record/connection_adapters/abstract/connection_pool.rb:355:in `checkout'
activerecord (7.1.1) lib/active_record/connection_adapters/abstract/connection_pool.rb:184:in `connection'
activerecord (7.1.1) lib/active_record/tasks/database_tasks.rb:501:in `block in with_temporary_connection'
activerecord (7.1.1) lib/active_record/tasks/database_tasks.rb:518:in `with_temporary_pool'
activerecord (7.1.1) lib/active_record/tasks/database_tasks.rb:500:in `with_temporary_connection'
activerecord (7.1.1) lib/active_record/tasks/database_tasks.rb:494:in `block in with_temporary_connection_for_each'
activerecord (7.1.1) lib/active_record/tasks/database_tasks.rb:493:in `each'
activerecord (7.1.1) lib/active_record/tasks/database_tasks.rb:493:in `with_temporary_connection_for_each'
activerecord (7.1.1) lib/active_record/migration.rb:771:in `pending_migrations'
activerecord (7.1.1) lib/active_record/migration.rb:750:in `check_pending_migrations'
activerecord (7.1.1) lib/active_record/migration.rb:642:in `block (2 levels) in call'
activesupport (7.1.1) lib/active_support/file_update_checker.rb:85:in `execute'
activerecord (7.1.1) lib/active_record/migration.rb:647:in `block in call'
activerecord (7.1.1) lib/active_record/migration.rb:639:in `synchronize'
activerecord (7.1.1) lib/active_record/migration.rb:639:in `call'
actionpack (7.1.1) lib/action_dispatch/middleware/callbacks.rb:29:in `block in call'
activesupport (7.1.1) lib/active_support/callbacks.rb:101:in `run_callbacks'
actionpack (7.1.1) lib/action_dispatch/middleware/callbacks.rb:28:in `call'
actionpack (7.1.1) lib/action_dispatch/middleware/executor.rb:14:in `call'
actionpack (7.1.1) lib/action_dispatch/middleware/actionable_exceptions.rb:16:in `call'
actionpack (7.1.1) lib/action_dispatch/middleware/debug_exceptions.rb:29:in `call'
web-console (4.2.1) lib/web_console/middleware.rb:132:in `call_app'
web-console (4.2.1) lib/web_console/middleware.rb:28:in `block in call'
web-console (4.2.1) lib/web_console/middleware.rb:17:in `catch'
web-console (4.2.1) lib/web_console/middleware.rb:17:in `call'
actionpack (7.1.1) lib/action_dispatch/middleware/show_exceptions.rb:31:in `call'
railties (7.1.1) lib/rails/rack/logger.rb:37:in `call_app'
railties (7.1.1) lib/rails/rack/logger.rb:24:in `block in call'
activesupport (7.1.1) lib/active_support/tagged_logging.rb:135:in `block in tagged'
activesupport (7.1.1) lib/active_support/tagged_logging.rb:39:in `tagged'
activesupport (7.1.1) lib/active_support/tagged_logging.rb:135:in `tagged'
activesupport (7.1.1) lib/active_support/broadcast_logger.rb:232:in `method_missing'
railties (7.1.1) lib/rails/rack/logger.rb:24:in `call'
sprockets-rails (3.4.2) lib/sprockets/rails/quiet_assets.rb:13:in `call'
actionpack (7.1.1) lib/action_dispatch/middleware/remote_ip.rb:92:in `call'
actionpack (7.1.1) lib/action_dispatch/middleware/request_id.rb:28:in `call'
rack (3.0.8) lib/rack/method_override.rb:28:in `call'
rack (3.0.8) lib/rack/runtime.rb:24:in `call'
activesupport (7.1.1) lib/active_support/cache/strategy/local_cache_middleware.rb:29:in `call'
actionpack (7.1.1) lib/action_dispatch/middleware/server_timing.rb:59:in `block in call'
actionpack (7.1.1) lib/action_dispatch/middleware/server_timing.rb:24:in `collect_events'
actionpack (7.1.1) lib/action_dispatch/middleware/server_timing.rb:58:in `call'
actionpack (7.1.1) lib/action_dispatch/middleware/executor.rb:14:in `call'
actionpack (7.1.1) lib/action_dispatch/middleware/static.rb:25:in `call'
rack (3.0.8) lib/rack/sendfile.rb:114:in `call'
actionpack (7.1.1) lib/action_dispatch/middleware/host_authorization.rb:141:in `call'
railties (7.1.1) lib/rails/engine.rb:529:in `call'
puma (6.4.0) lib/puma/configuration.rb:272:in `call'
puma (6.4.0) lib/puma/request.rb:100:in `block in handle_request'
puma (6.4.0) lib/puma/thread_pool.rb:378:in `with_force_shutdown'
puma (6.4.0) lib/puma/request.rb:99:in `handle_request'
puma (6.4.0) lib/puma/server.rb:443:in `process_client'
puma (6.4.0) lib/puma/server.rb:241:in `block in run'
puma (6.4.0) lib/puma/thread_pool.rb:155:in `block in spawn_thread'
Started GET "/" for 127.0.0.1 at 2023-10-31 20:35:28 -0300
  
ActiveRecord::ConnectionNotEstablished (connection to server at "localhost" (::1), port 5432 failed: server closed the connection unexpectedly
	This probably means the server terminated abnormally
	before or while processing the request.
):
  
activerecord (7.1.1) lib/active_record/connection_adapters/postgresql_adapter.rb:80:in `rescue in new_client'
activerecord (7.1.1) lib/active_record/connection_adapters/postgresql_adapter.rb:68:in `new_client'
activerecord (7.1.1) lib/active_record/connection_adapters/postgresql_adapter.rb:981:in `connect'
activerecord (7.1.1) lib/active_record/connection_adapters/postgresql_adapter.rb:993:in `reconnect'
activerecord (7.1.1) lib/active_record/connection_adapters/abstract_adapter.rb:685:in `block in reconnect!'
activesupport (7.1.1) lib/active_support/concurrency/null_lock.rb:9:in `synchronize'
activerecord (7.1.1) lib/active_record/connection_adapters/abstract_adapter.rb:684:in `reconnect!'
activerecord (7.1.1) lib/active_record/connection_adapters/abstract_adapter.rb:788:in `verify!'
activerecord (7.1.1) lib/active_record/connection_adapters/abstract_adapter.rb:795:in `connect!'
activerecord (7.1.1) lib/active_record/connection_adapters/abstract_adapter.rb:997:in `block in with_raw_connection'
activesupport (7.1.1) lib/active_support/concurrency/null_lock.rb:9:in `synchronize'
activerecord (7.1.1) lib/active_record/connection_adapters/abstract_adapter.rb:996:in `with_raw_connection'
activerecord (7.1.1) lib/active_record/connection_adapters/abstract_adapter.rb:1104:in `valid_raw_connection'
activerecord (7.1.1) lib/active_record/connection_adapters/postgresql_adapter.rb:619:in `get_database_version'
activerecord (7.1.1) lib/active_record/connection_adapters/schema_cache.rb:374:in `database_version'
activerecord (7.1.1) lib/active_record/connection_adapters/schema_cache.rb:70:in `database_version'
activerecord (7.1.1) lib/active_record/connection_adapters/schema_cache.rb:200:in `database_version'
activerecord (7.1.1) lib/active_record/connection_adapters/abstract_adapter.rb:871:in `database_version'
activerecord (7.1.1) lib/active_record/connection_adapters/postgresql_adapter.rb:647:in `check_version'
activerecord (7.1.1) lib/active_record/connection_adapters/abstract/connection_pool.rb:675:in `new_connection'
activerecord (7.1.1) lib/active_record/connection_adapters/abstract/connection_pool.rb:720:in `checkout_new_connection'
activerecord (7.1.1) lib/active_record/connection_adapters/abstract/connection_pool.rb:699:in `try_to_checkout_new_connection'
activerecord (7.1.1) lib/active_record/connection_adapters/abstract/connection_pool.rb:657:in `acquire_connection'
activerecord (7.1.1) lib/active_record/connection_adapters/abstract/connection_pool.rb:355:in `checkout'
activerecord (7.1.1) lib/active_record/connection_adapters/abstract/connection_pool.rb:184:in `connection'
activerecord (7.1.1) lib/active_record/tasks/database_tasks.rb:501:in `block in with_temporary_connection'
activerecord (7.1.1) lib/active_record/tasks/database_tasks.rb:518:in `with_temporary_pool'
activerecord (7.1.1) lib/active_record/tasks/database_tasks.rb:500:in `with_temporary_connection'
activerecord (7.1.1) lib/active_record/tasks/database_tasks.rb:494:in `block in with_temporary_connection_for_each'
activerecord (7.1.1) lib/active_record/tasks/database_tasks.rb:493:in `each'
activerecord (7.1.1) lib/active_record/tasks/database_tasks.rb:493:in `with_temporary_connection_for_each'
activerecord (7.1.1) lib/active_record/migration.rb:771:in `pending_migrations'
activerecord (7.1.1) lib/active_record/migration.rb:750:in `check_pending_migrations'
activerecord (7.1.1) lib/active_record/migration.rb:642:in `block (2 levels) in call'
activesupport (7.1.1) lib/active_support/file_update_checker.rb:85:in `execute'
activerecord (7.1.1) lib/active_record/migration.rb:647:in `block in call'
activerecord (7.1.1) lib/active_record/migration.rb:639:in `synchronize'
activerecord (7.1.1) lib/active_record/migration.rb:639:in `call'
actionpack (7.1.1) lib/action_dispatch/middleware/callbacks.rb:29:in `block in call'
activesupport (7.1.1) lib/active_support/callbacks.rb:101:in `run_callbacks'
actionpack (7.1.1) lib/action_dispatch/middleware/callbacks.rb:28:in `call'
actionpack (7.1.1) lib/action_dispatch/middleware/executor.rb:14:in `call'
actionpack (7.1.1) lib/action_dispatch/middleware/actionable_exceptions.rb:16:in `call'
actionpack (7.1.1) lib/action_dispatch/middleware/debug_exceptions.rb:29:in `call'
web-console (4.2.1) lib/web_console/middleware.rb:132:in `call_app'
web-console (4.2.1) lib/web_console/middleware.rb:28:in `block in call'
web-console (4.2.1) lib/web_console/middleware.rb:17:in `catch'
web-console (4.2.1) lib/web_console/middleware.rb:17:in `call'
actionpack (7.1.1) lib/action_dispatch/middleware/show_exceptions.rb:31:in `call'
railties (7.1.1) lib/rails/rack/logger.rb:37:in `call_app'
railties (7.1.1) lib/rails/rack/logger.rb:24:in `block in call'
activesupport (7.1.1) lib/active_support/tagged_logging.rb:135:in `block in tagged'
activesupport (7.1.1) lib/active_support/tagged_logging.rb:39:in `tagged'
activesupport (7.1.1) lib/active_support/tagged_logging.rb:135:in `tagged'
activesupport (7.1.1) lib/active_support/broadcast_logger.rb:232:in `method_missing'
railties (7.1.1) lib/rails/rack/logger.rb:24:in `call'
sprockets-rails (3.4.2) lib/sprockets/rails/quiet_assets.rb:13:in `call'
actionpack (7.1.1) lib/action_dispatch/middleware/remote_ip.rb:92:in `call'
actionpack (7.1.1) lib/action_dispatch/middleware/request_id.rb:28:in `call'
rack (3.0.8) lib/rack/method_override.rb:28:in `call'
rack (3.0.8) lib/rack/runtime.rb:24:in `call'
activesupport (7.1.1) lib/active_support/cache/strategy/local_cache_middleware.rb:29:in `call'
actionpack (7.1.1) lib/action_dispatch/middleware/server_timing.rb:59:in `block in call'
actionpack (7.1.1) lib/action_dispatch/middleware/server_timing.rb:24:in `collect_events'
actionpack (7.1.1) lib/action_dispatch/middleware/server_timing.rb:58:in `call'
actionpack (7.1.1) lib/action_dispatch/middleware/executor.rb:14:in `call'
actionpack (7.1.1) lib/action_dispatch/middleware/static.rb:25:in `call'
rack (3.0.8) lib/rack/sendfile.rb:114:in `call'
actionpack (7.1.1) lib/action_dispatch/middleware/host_authorization.rb:141:in `call'
railties (7.1.1) lib/rails/engine.rb:529:in `call'
puma (6.4.0) lib/puma/configuration.rb:272:in `call'
puma (6.4.0) lib/puma/request.rb:100:in `block in handle_request'
puma (6.4.0) lib/puma/thread_pool.rb:378:in `with_force_shutdown'
puma (6.4.0) lib/puma/request.rb:99:in `handle_request'
puma (6.4.0) lib/puma/server.rb:443:in `process_client'
puma (6.4.0) lib/puma/server.rb:241:in `block in run'
puma (6.4.0) lib/puma/thread_pool.rb:155:in `block in spawn_thread'
Started GET "/" for 127.0.0.1 at 2023-10-31 20:35:49 -0300
  
ActiveRecord::ConnectionNotEstablished (connection to server at "localhost" (::1), port 5432 failed: server closed the connection unexpectedly
	This probably means the server terminated abnormally
	before or while processing the request.
):
  
activerecord (7.1.1) lib/active_record/connection_adapters/postgresql_adapter.rb:80:in `rescue in new_client'
activerecord (7.1.1) lib/active_record/connection_adapters/postgresql_adapter.rb:68:in `new_client'
activerecord (7.1.1) lib/active_record/connection_adapters/postgresql_adapter.rb:981:in `connect'
activerecord (7.1.1) lib/active_record/connection_adapters/postgresql_adapter.rb:993:in `reconnect'
activerecord (7.1.1) lib/active_record/connection_adapters/abstract_adapter.rb:685:in `block in reconnect!'
activesupport (7.1.1) lib/active_support/concurrency/null_lock.rb:9:in `synchronize'
activerecord (7.1.1) lib/active_record/connection_adapters/abstract_adapter.rb:684:in `reconnect!'
activerecord (7.1.1) lib/active_record/connection_adapters/abstract_adapter.rb:788:in `verify!'
activerecord (7.1.1) lib/active_record/connection_adapters/abstract_adapter.rb:795:in `connect!'
activerecord (7.1.1) lib/active_record/connection_adapters/abstract_adapter.rb:997:in `block in with_raw_connection'
activesupport (7.1.1) lib/active_support/concurrency/null_lock.rb:9:in `synchronize'
activerecord (7.1.1) lib/active_record/connection_adapters/abstract_adapter.rb:996:in `with_raw_connection'
activerecord (7.1.1) lib/active_record/connection_adapters/abstract_adapter.rb:1104:in `valid_raw_connection'
activerecord (7.1.1) lib/active_record/connection_adapters/postgresql_adapter.rb:619:in `get_database_version'
activerecord (7.1.1) lib/active_record/connection_adapters/schema_cache.rb:374:in `database_version'
activerecord (7.1.1) lib/active_record/connection_adapters/schema_cache.rb:70:in `database_version'
activerecord (7.1.1) lib/active_record/connection_adapters/schema_cache.rb:200:in `database_version'
activerecord (7.1.1) lib/active_record/connection_adapters/abstract_adapter.rb:871:in `database_version'
activerecord (7.1.1) lib/active_record/connection_adapters/postgresql_adapter.rb:647:in `check_version'
activerecord (7.1.1) lib/active_record/connection_adapters/abstract/connection_pool.rb:675:in `new_connection'
activerecord (7.1.1) lib/active_record/connection_adapters/abstract/connection_pool.rb:720:in `checkout_new_connection'
activerecord (7.1.1) lib/active_record/connection_adapters/abstract/connection_pool.rb:699:in `try_to_checkout_new_connection'
activerecord (7.1.1) lib/active_record/connection_adapters/abstract/connection_pool.rb:657:in `acquire_connection'
activerecord (7.1.1) lib/active_record/connection_adapters/abstract/connection_pool.rb:355:in `checkout'
activerecord (7.1.1) lib/active_record/connection_adapters/abstract/connection_pool.rb:184:in `connection'
activerecord (7.1.1) lib/active_record/tasks/database_tasks.rb:501:in `block in with_temporary_connection'
activerecord (7.1.1) lib/active_record/tasks/database_tasks.rb:518:in `with_temporary_pool'
activerecord (7.1.1) lib/active_record/tasks/database_tasks.rb:500:in `with_temporary_connection'
activerecord (7.1.1) lib/active_record/tasks/database_tasks.rb:494:in `block in with_temporary_connection_for_each'
activerecord (7.1.1) lib/active_record/tasks/database_tasks.rb:493:in `each'
activerecord (7.1.1) lib/active_record/tasks/database_tasks.rb:493:in `with_temporary_connection_for_each'
activerecord (7.1.1) lib/active_record/migration.rb:771:in `pending_migrations'
activerecord (7.1.1) lib/active_record/migration.rb:750:in `check_pending_migrations'
activerecord (7.1.1) lib/active_record/migration.rb:642:in `block (2 levels) in call'
activesupport (7.1.1) lib/active_support/file_update_checker.rb:85:in `execute'
activerecord (7.1.1) lib/active_record/migration.rb:647:in `block in call'
activerecord (7.1.1) lib/active_record/migration.rb:639:in `synchronize'
activerecord (7.1.1) lib/active_record/migration.rb:639:in `call'
actionpack (7.1.1) lib/action_dispatch/middleware/callbacks.rb:29:in `block in call'
activesupport (7.1.1) lib/active_support/callbacks.rb:101:in `run_callbacks'
actionpack (7.1.1) lib/action_dispatch/middleware/callbacks.rb:28:in `call'
actionpack (7.1.1) lib/action_dispatch/middleware/executor.rb:14:in `call'
actionpack (7.1.1) lib/action_dispatch/middleware/actionable_exceptions.rb:16:in `call'
actionpack (7.1.1) lib/action_dispatch/middleware/debug_exceptions.rb:29:in `call'
web-console (4.2.1) lib/web_console/middleware.rb:132:in `call_app'
web-console (4.2.1) lib/web_console/middleware.rb:28:in `block in call'
web-console (4.2.1) lib/web_console/middleware.rb:17:in `catch'
web-console (4.2.1) lib/web_console/middleware.rb:17:in `call'
actionpack (7.1.1) lib/action_dispatch/middleware/show_exceptions.rb:31:in `call'
railties (7.1.1) lib/rails/rack/logger.rb:37:in `call_app'
railties (7.1.1) lib/rails/rack/logger.rb:24:in `block in call'
activesupport (7.1.1) lib/active_support/tagged_logging.rb:135:in `block in tagged'
activesupport (7.1.1) lib/active_support/tagged_logging.rb:39:in `tagged'
activesupport (7.1.1) lib/active_support/tagged_logging.rb:135:in `tagged'
activesupport (7.1.1) lib/active_support/broadcast_logger.rb:232:in `method_missing'
railties (7.1.1) lib/rails/rack/logger.rb:24:in `call'
sprockets-rails (3.4.2) lib/sprockets/rails/quiet_assets.rb:13:in `call'
actionpack (7.1.1) lib/action_dispatch/middleware/remote_ip.rb:92:in `call'
actionpack (7.1.1) lib/action_dispatch/middleware/request_id.rb:28:in `call'
rack (3.0.8) lib/rack/method_override.rb:28:in `call'
rack (3.0.8) lib/rack/runtime.rb:24:in `call'
activesupport (7.1.1) lib/active_support/cache/strategy/local_cache_middleware.rb:29:in `call'
actionpack (7.1.1) lib/action_dispatch/middleware/server_timing.rb:59:in `block in call'
actionpack (7.1.1) lib/action_dispatch/middleware/server_timing.rb:24:in `collect_events'
actionpack (7.1.1) lib/action_dispatch/middleware/server_timing.rb:58:in `call'
actionpack (7.1.1) lib/action_dispatch/middleware/executor.rb:14:in `call'
actionpack (7.1.1) lib/action_dispatch/middleware/static.rb:25:in `call'
rack (3.0.8) lib/rack/sendfile.rb:114:in `call'
actionpack (7.1.1) lib/action_dispatch/middleware/host_authorization.rb:141:in `call'
railties (7.1.1) lib/rails/engine.rb:529:in `call'
puma (6.4.0) lib/puma/configuration.rb:272:in `call'
puma (6.4.0) lib/puma/request.rb:100:in `block in handle_request'
puma (6.4.0) lib/puma/thread_pool.rb:378:in `with_force_shutdown'
puma (6.4.0) lib/puma/request.rb:99:in `handle_request'
puma (6.4.0) lib/puma/server.rb:443:in `process_client'
puma (6.4.0) lib/puma/server.rb:241:in `block in run'
puma (6.4.0) lib/puma/thread_pool.rb:155:in `block in spawn_thread'
  [1m[35m (235.0ms)[0m  [1m[35mCREATE DATABASE "blog_app_development" ENCODING = 'unicode'[0m
  [1m[35m (211.7ms)[0m  [1m[35mCREATE DATABASE "blog_app_test" ENCODING = 'unicode'[0m
Started GET "/" for 127.0.0.1 at 2023-10-31 20:36:36 -0300
  [1m[35m (13.0ms)[0m  [1m[35mCREATE TABLE "schema_migrations" ("version" character varying NOT NULL PRIMARY KEY)[0m
  [1m[35m (4.2ms)[0m  [1m[35mCREATE TABLE "ar_internal_metadata" ("key" character varying NOT NULL PRIMARY KEY, "value" character varying, "created_at" timestamp(6) NOT NULL, "updated_at" timestamp(6) NOT NULL)[0m
  [1m[36mActiveRecord::SchemaMigration Load (1.2ms)[0m  [1m[34mSELECT "schema_migrations"."version" FROM "schema_migrations" ORDER BY "schema_migrations"."version" ASC[0m
Processing by Rails::WelcomeController#index as HTML
  Rendering C:/Ruby32-x64/lib/ruby/gems/3.2.0/gems/railties-7.1.1/lib/rails/templates/rails/welcome/index.html.erb
  Rendered C:/Ruby32-x64/lib/ruby/gems/3.2.0/gems/railties-7.1.1/lib/rails/templates/rails/welcome/index.html.erb (Duration: 0.8ms | Allocations: 377)
Completed 200 OK in 80ms (Views: 9.2ms | ActiveRecord: 0.0ms | Allocations: 5554)


Started GET "/" for 127.0.0.1 at 2023-10-31 21:17:17 -0300
  [1m[36mActiveRecord::SchemaMigration Load (1.3ms)[0m  [1m[34mSELECT "schema_migrations"."version" FROM "schema_migrations" ORDER BY "schema_migrations"."version" ASC[0m
Processing by Rails::WelcomeController#index as HTML
  Rendering C:/Ruby32-x64/lib/ruby/gems/3.2.0/gems/railties-7.1.1/lib/rails/templates/rails/welcome/index.html.erb
  Rendered C:/Ruby32-x64/lib/ruby/gems/3.2.0/gems/railties-7.1.1/lib/rails/templates/rails/welcome/index.html.erb (Duration: 2.1ms | Allocations: 376)
Completed 200 OK in 250ms (Views: 50.2ms | ActiveRecord: 0.0ms | Allocations: 8781)


  [1m[35m (1.1ms)[0m  [1m[34mSELECT pg_try_advisory_lock(1508658759281986305)[0m
  [1m[36mActiveRecord::SchemaMigration Load (3.0ms)[0m  [1m[34mSELECT "schema_migrations"."version" FROM "schema_migrations" ORDER BY "schema_migrations"."version" ASC[0m
  [1m[36mActiveRecord::InternalMetadata Load (3.2ms)[0m  [1m[34mSELECT * FROM "ar_internal_metadata" WHERE "ar_internal_metadata"."key" = $1 ORDER BY "ar_internal_metadata"."key" ASC LIMIT 1[0m  [[nil, "environment"]]
  [1m[36mActiveRecord::InternalMetadata Create (4.7ms)[0m  [1m[32mINSERT INTO "ar_internal_metadata" ("key", "value", "created_at", "updated_at") VALUES ('environment', 'development', '2023-11-01 00:22:59.312424', '2023-11-01 00:22:59.312430') RETURNING "key"[0m
Migrating to CreateUsers (20231101002015)
  [1m[36mTRANSACTION (0.5ms)[0m  [1m[35mBEGIN[0m
  [1m[35m (32.9ms)[0m  [1m[35mCREATE TABLE "users" ("id" bigserial primary key, "name" character varying, "photo" character varying, "bio" text, "post_counter" integer DEFAULT 0, "created_at" timestamp(6) NOT NULL, "updated_at" timestamp(6) NOT NULL)[0m
  [1m[36mActiveRecord::SchemaMigration Create (1.5ms)[0m  [1m[32mINSERT INTO "schema_migrations" ("version") VALUES ('20231101002015') RETURNING "version"[0m
  [1m[36mTRANSACTION (1.2ms)[0m  [1m[35mCOMMIT[0m
  [1m[35m (0.8ms)[0m  [1m[34mSELECT pg_advisory_unlock(1508658759281986305)[0m
  [1m[36mActiveRecord::SchemaMigration Load (0.8ms)[0m  [1m[34mSELECT "schema_migrations"."version" FROM "schema_migrations" ORDER BY "schema_migrations"."version" ASC[0m
  [1m[35m (0.2ms)[0m  [1m[34mSELECT pg_try_advisory_lock(1508658759281986305)[0m
  [1m[36mActiveRecord::SchemaMigration Load (2.6ms)[0m  [1m[34mSELECT "schema_migrations"."version" FROM "schema_migrations" ORDER BY "schema_migrations"."version" ASC[0m
  [1m[36mActiveRecord::InternalMetadata Load (2.2ms)[0m  [1m[34mSELECT * FROM "ar_internal_metadata" WHERE "ar_internal_metadata"."key" = $1 ORDER BY "ar_internal_metadata"."key" ASC LIMIT 1[0m  [[nil, "environment"]]
Migrating to CreatePosts (20231101002714)
  [1m[36mTRANSACTION (0.4ms)[0m  [1m[35mBEGIN[0m
  [1m[35m (15.9ms)[0m  [1m[35mCREATE TABLE "posts" ("id" bigserial primary key, "author_id_id" bigint, "title" character varying, "text" text, "likes_counter" integer DEFAULT 0, "comments_counter" integer DEFAULT 0, "created_at" timestamp(6) NOT NULL, "updated_at" timestamp(6) NOT NULL, CONSTRAINT "fk_rails_8115fece0c"
FOREIGN KEY ("author_id_id")
  REFERENCES "users" ("id")
)[0m
  [1m[35m (2.2ms)[0m  [1m[35mCREATE INDEX "index_posts_on_author_id_id" ON "posts" ("author_id_id")[0m
  [1m[36mActiveRecord::SchemaMigration Create (0.6ms)[0m  [1m[32mINSERT INTO "schema_migrations" ("version") VALUES ('20231101002714') RETURNING "version"[0m
  [1m[36mTRANSACTION (1.7ms)[0m  [1m[35mCOMMIT[0m
  [1m[35m (0.5ms)[0m  [1m[34mSELECT pg_advisory_unlock(1508658759281986305)[0m
  [1m[36mActiveRecord::SchemaMigration Load (0.4ms)[0m  [1m[34mSELECT "schema_migrations"."version" FROM "schema_migrations" ORDER BY "schema_migrations"."version" ASC[0m
  [1m[35m (0.7ms)[0m  [1m[34mSELECT pg_try_advisory_lock(1508658759281986305)[0m
  [1m[36mActiveRecord::SchemaMigration Load (3.6ms)[0m  [1m[34mSELECT "schema_migrations"."version" FROM "schema_migrations" ORDER BY "schema_migrations"."version" ASC[0m
  [1m[36mActiveRecord::InternalMetadata Load (4.0ms)[0m  [1m[34mSELECT * FROM "ar_internal_metadata" WHERE "ar_internal_metadata"."key" = $1 ORDER BY "ar_internal_metadata"."key" ASC LIMIT 1[0m  [[nil, "environment"]]
Migrating to CreateComments (20231101003352)
  [1m[36mTRANSACTION (0.5ms)[0m  [1m[35mBEGIN[0m
  [1m[35m (30.9ms)[0m  [1m[35mCREATE TABLE "comments" ("id" bigserial primary key, "user_id" bigint, "post_id" bigint, "text" text, "created_at" timestamp(6) NOT NULL, "updated_at" timestamp(6) NOT NULL, CONSTRAINT "fk_rails_03de2dc08c"
FOREIGN KEY ("user_id")
  REFERENCES "users" ("id")
, CONSTRAINT "fk_rails_2fd19c0db7"
FOREIGN KEY ("post_id")
  REFERENCES "posts" ("id")
)[0m
  [1m[35m (3.9ms)[0m  [1m[35mCREATE INDEX "index_comments_on_user_id" ON "comments" ("user_id")[0m
  [1m[35m (4.6ms)[0m  [1m[35mCREATE INDEX "index_comments_on_post_id" ON "comments" ("post_id")[0m
  [1m[36mActiveRecord::SchemaMigration Create (1.0ms)[0m  [1m[32mINSERT INTO "schema_migrations" ("version") VALUES ('20231101003352') RETURNING "version"[0m
  [1m[36mTRANSACTION (2.7ms)[0m  [1m[35mCOMMIT[0m
  [1m[35m (0.9ms)[0m  [1m[34mSELECT pg_advisory_unlock(1508658759281986305)[0m
  [1m[36mActiveRecord::SchemaMigration Load (0.7ms)[0m  [1m[34mSELECT "schema_migrations"."version" FROM "schema_migrations" ORDER BY "schema_migrations"."version" ASC[0m
  [1m[35m (0.6ms)[0m  [1m[34mSELECT pg_try_advisory_lock(1508658759281986305)[0m
  [1m[36mActiveRecord::SchemaMigration Load (3.8ms)[0m  [1m[34mSELECT "schema_migrations"."version" FROM "schema_migrations" ORDER BY "schema_migrations"."version" ASC[0m
  [1m[36mActiveRecord::InternalMetadata Load (4.0ms)[0m  [1m[34mSELECT * FROM "ar_internal_metadata" WHERE "ar_internal_metadata"."key" = $1 ORDER BY "ar_internal_metadata"."key" ASC LIMIT 1[0m  [[nil, "environment"]]
Migrating to CreateLikes (20231101003830)
  [1m[36mTRANSACTION (0.5ms)[0m  [1m[35mBEGIN[0m
  [1m[35m (25.2ms)[0m  [1m[35mCREATE TABLE "likes" ("id" bigserial primary key, "user_id" bigint, "post_id" bigint, "created_at" timestamp(6) NOT NULL, "updated_at" timestamp(6) NOT NULL, CONSTRAINT "fk_rails_1e09b5dabf"
FOREIGN KEY ("user_id")
  REFERENCES "users" ("id")
, CONSTRAINT "fk_rails_87a8aac469"
FOREIGN KEY ("post_id")
  REFERENCES "posts" ("id")
)[0m
  [1m[35m (4.2ms)[0m  [1m[35mCREATE INDEX "index_likes_on_user_id" ON "likes" ("user_id")[0m
  [1m[35m (4.7ms)[0m  [1m[35mCREATE INDEX "index_likes_on_post_id" ON "likes" ("post_id")[0m
  [1m[36mActiveRecord::SchemaMigration Create (1.0ms)[0m  [1m[32mINSERT INTO "schema_migrations" ("version") VALUES ('20231101003830') RETURNING "version"[0m
  [1m[36mTRANSACTION (2.4ms)[0m  [1m[35mCOMMIT[0m
  [1m[35m (0.8ms)[0m  [1m[34mSELECT pg_advisory_unlock(1508658759281986305)[0m
  [1m[36mActiveRecord::SchemaMigration Load (0.7ms)[0m  [1m[34mSELECT "schema_migrations"."version" FROM "schema_migrations" ORDER BY "schema_migrations"."version" ASC[0m
  [1m[35m (253.4ms)[0m  [1m[35mCREATE DATABASE "blog_app_development" ENCODING = 'unicode'[0m
  [1m[35m (248.8ms)[0m  [1m[35mCREATE DATABASE "blog_app_test" ENCODING = 'unicode'[0m
  [1m[35m (13.5ms)[0m  [1m[35mCREATE TABLE "schema_migrations" ("version" character varying NOT NULL PRIMARY KEY)[0m
  [1m[35m (6.9ms)[0m  [1m[35mCREATE TABLE "ar_internal_metadata" ("key" character varying NOT NULL PRIMARY KEY, "value" character varying, "created_at" timestamp(6) NOT NULL, "updated_at" timestamp(6) NOT NULL)[0m
  [1m[35m (0.2ms)[0m  [1m[34mSELECT pg_try_advisory_lock(1508658759281986305)[0m
  [1m[36mActiveRecord::SchemaMigration Load (1.1ms)[0m  [1m[34mSELECT "schema_migrations"."version" FROM "schema_migrations" ORDER BY "schema_migrations"."version" ASC[0m
  [1m[36mActiveRecord::InternalMetadata Load (1.4ms)[0m  [1m[34mSELECT * FROM "ar_internal_metadata" WHERE "ar_internal_metadata"."key" = $1 ORDER BY "ar_internal_metadata"."key" ASC LIMIT 1[0m  [[nil, "environment"]]
  [1m[36mActiveRecord::InternalMetadata Create (0.9ms)[0m  [1m[32mINSERT INTO "ar_internal_metadata" ("key", "value", "created_at", "updated_at") VALUES ('environment', 'development', '2023-11-01 16:18:06.118110', '2023-11-01 16:18:06.118114') RETURNING "key"[0m
Migrating to CreateUsers (20231101002015)
  [1m[36mTRANSACTION (0.2ms)[0m  [1m[35mBEGIN[0m
  [1m[35m (12.7ms)[0m  [1m[35mCREATE TABLE "users" ("id" bigserial primary key, "name" character varying, "photo" character varying, "bio" text, "post_counter" integer DEFAULT 0, "created_at" timestamp(6) NOT NULL, "updated_at" timestamp(6) NOT NULL)[0m
  [1m[36mActiveRecord::SchemaMigration Create (0.8ms)[0m  [1m[32mINSERT INTO "schema_migrations" ("version") VALUES ('20231101002015') RETURNING "version"[0m
  [1m[36mTRANSACTION (1.1ms)[0m  [1m[35mCOMMIT[0m
Migrating to CreatePosts (20231101002714)
  [1m[36mTRANSACTION (0.4ms)[0m  [1m[35mBEGIN[0m
  [1m[35m (10.7ms)[0m  [1m[35mCREATE TABLE "posts" ("id" bigserial primary key, "author_id" bigint, "title" character varying, "text" text, "likes_counter" integer DEFAULT 0, "comments_counter" integer DEFAULT 0, "created_at" timestamp(6) NOT NULL, "updated_at" timestamp(6) NOT NULL, CONSTRAINT "fk_rails_04d13ef8c7"
FOREIGN KEY ("author_id")
  REFERENCES "users" ("id")
)[0m
  [1m[35m (3.1ms)[0m  [1m[35mCREATE INDEX "index_posts_on_author_id" ON "posts" ("author_id")[0m
  [1m[36mActiveRecord::SchemaMigration Create (0.3ms)[0m  [1m[32mINSERT INTO "schema_migrations" ("version") VALUES ('20231101002714') RETURNING "version"[0m
  [1m[36mTRANSACTION (0.3ms)[0m  [1m[35mCOMMIT[0m
Migrating to CreateComments (20231101003352)
  [1m[36mTRANSACTION (0.7ms)[0m  [1m[35mBEGIN[0m
  [1m[35m (10.1ms)[0m  [1m[35mCREATE TABLE "comments" ("id" bigserial primary key, "user_id" bigint, "post_id" bigint, "text" text, "created_at" timestamp(6) NOT NULL, "updated_at" timestamp(6) NOT NULL, CONSTRAINT "fk_rails_03de2dc08c"
FOREIGN KEY ("user_id")
  REFERENCES "users" ("id")
, CONSTRAINT "fk_rails_2fd19c0db7"
FOREIGN KEY ("post_id")
  REFERENCES "posts" ("id")
)[0m
  [1m[35m (3.2ms)[0m  [1m[35mCREATE INDEX "index_comments_on_user_id" ON "comments" ("user_id")[0m
  [1m[35m (1.9ms)[0m  [1m[35mCREATE INDEX "index_comments_on_post_id" ON "comments" ("post_id")[0m
  [1m[36mActiveRecord::SchemaMigration Create (0.3ms)[0m  [1m[32mINSERT INTO "schema_migrations" ("version") VALUES ('20231101003352') RETURNING "version"[0m
  [1m[36mTRANSACTION (0.5ms)[0m  [1m[35mCOMMIT[0m
Migrating to CreateLikes (20231101003830)
  [1m[36mTRANSACTION (0.3ms)[0m  [1m[35mBEGIN[0m
  [1m[35m (14.4ms)[0m  [1m[35mCREATE TABLE "likes" ("id" bigserial primary key, "user_id" bigint, "post_id" bigint, "created_at" timestamp(6) NOT NULL, "updated_at" timestamp(6) NOT NULL, CONSTRAINT "fk_rails_1e09b5dabf"
FOREIGN KEY ("user_id")
  REFERENCES "users" ("id")
, CONSTRAINT "fk_rails_87a8aac469"
FOREIGN KEY ("post_id")
  REFERENCES "posts" ("id")
)[0m
  [1m[35m (2.0ms)[0m  [1m[35mCREATE INDEX "index_likes_on_user_id" ON "likes" ("user_id")[0m
  [1m[35m (3.3ms)[0m  [1m[35mCREATE INDEX "index_likes_on_post_id" ON "likes" ("post_id")[0m
  [1m[36mActiveRecord::SchemaMigration Create (0.3ms)[0m  [1m[32mINSERT INTO "schema_migrations" ("version") VALUES ('20231101003830') RETURNING "version"[0m
  [1m[36mTRANSACTION (0.5ms)[0m  [1m[35mCOMMIT[0m
  [1m[35m (0.4ms)[0m  [1m[34mSELECT pg_advisory_unlock(1508658759281986305)[0m
  [1m[36mActiveRecord::SchemaMigration Load (0.4ms)[0m  [1m[34mSELECT "schema_migrations"."version" FROM "schema_migrations" ORDER BY "schema_migrations"."version" ASC[0m
Started GET "/" for 127.0.0.1 at 2023-11-01 13:31:54 -0300
  [1m[36mActiveRecord::SchemaMigration Load (1.5ms)[0m  [1m[34mSELECT "schema_migrations"."version" FROM "schema_migrations" ORDER BY "schema_migrations"."version" ASC[0m
Processing by Rails::WelcomeController#index as HTML
  Rendering C:/Ruby32-x64/lib/ruby/gems/3.2.0/gems/railties-7.1.1/lib/rails/templates/rails/welcome/index.html.erb
  Rendered C:/Ruby32-x64/lib/ruby/gems/3.2.0/gems/railties-7.1.1/lib/rails/templates/rails/welcome/index.html.erb (Duration: 1.6ms | Allocations: 376)
Completed 200 OK in 267ms (Views: 55.6ms | ActiveRecord: 0.0ms | Allocations: 8782)


Started GET "/products" for 127.0.0.1 at 2023-11-01 13:32:00 -0300
  
ActionController::RoutingError (No route matches [GET] "/products"):
  
Started GET "/" for 127.0.0.1 at 2023-11-01 13:32:04 -0300
Processing by Rails::WelcomeController#index as HTML
  Rendering C:/Ruby32-x64/lib/ruby/gems/3.2.0/gems/railties-7.1.1/lib/rails/templates/rails/welcome/index.html.erb
  Rendered C:/Ruby32-x64/lib/ruby/gems/3.2.0/gems/railties-7.1.1/lib/rails/templates/rails/welcome/index.html.erb (Duration: 0.1ms | Allocations: 12)
Completed 200 OK in 4ms (Views: 0.9ms | ActiveRecord: 0.0ms | Allocations: 220)


  [1m[35m (0.1ms)[0m  [1m[34mSELECT pg_try_advisory_lock(1508658759281986305)[0m
  [1m[36mActiveRecord::SchemaMigration Load (1.8ms)[0m  [1m[34mSELECT "schema_migrations"."version" FROM "schema_migrations" ORDER BY "schema_migrations"."version" ASC[0m
  [1m[36mActiveRecord::InternalMetadata Load (1.6ms)[0m  [1m[34mSELECT * FROM "ar_internal_metadata" WHERE "ar_internal_metadata"."key" = $1 ORDER BY "ar_internal_metadata"."key" ASC LIMIT 1[0m  [[nil, "environment"]]
  [1m[35m (0.2ms)[0m  [1m[34mSELECT pg_advisory_unlock(1508658759281986305)[0m
  [1m[36mActiveRecord::SchemaMigration Load (0.2ms)[0m  [1m[34mSELECT "schema_migrations"."version" FROM "schema_migrations" ORDER BY "schema_migrations"."version" ASC[0m
  [1m[35m (0.9ms)[0m  [1m[34mSELECT pg_try_advisory_lock(1508658759281986305)[0m
  [1m[36mActiveRecord::SchemaMigration Load (1.6ms)[0m  [1m[34mSELECT "schema_migrations"."version" FROM "schema_migrations" ORDER BY "schema_migrations"."version" ASC[0m
  [1m[36mActiveRecord::InternalMetadata Load (2.5ms)[0m  [1m[34mSELECT * FROM "ar_internal_metadata" WHERE "ar_internal_metadata"."key" = $1 ORDER BY "ar_internal_metadata"."key" ASC LIMIT 1[0m  [[nil, "environment"]]
  [1m[35m (0.2ms)[0m  [1m[34mSELECT pg_advisory_unlock(1508658759281986305)[0m
  [1m[36mActiveRecord::SchemaMigration Load (0.2ms)[0m  [1m[34mSELECT "schema_migrations"."version" FROM "schema_migrations" ORDER BY "schema_migrations"."version" ASC[0m
  [1m[35m (0.1ms)[0m  [1m[34mSELECT pg_try_advisory_lock(1508658759281986305)[0m
  [1m[36mActiveRecord::SchemaMigration Load (1.7ms)[0m  [1m[34mSELECT "schema_migrations"."version" FROM "schema_migrations" ORDER BY "schema_migrations"."version" ASC[0m
  [1m[36mActiveRecord::InternalMetadata Load (1.6ms)[0m  [1m[34mSELECT * FROM "ar_internal_metadata" WHERE "ar_internal_metadata"."key" = $1 ORDER BY "ar_internal_metadata"."key" ASC LIMIT 1[0m  [[nil, "environment"]]
  [1m[35m (0.2ms)[0m  [1m[34mSELECT pg_advisory_unlock(1508658759281986305)[0m
  [1m[36mActiveRecord::SchemaMigration Load (0.2ms)[0m  [1m[34mSELECT "schema_migrations"."version" FROM "schema_migrations" ORDER BY "schema_migrations"."version" ASC[0m
  [1m[35m (0.1ms)[0m  [1m[34mSELECT pg_try_advisory_lock(1508658759281986305)[0m
  [1m[36mActiveRecord::SchemaMigration Load (2.0ms)[0m  [1m[34mSELECT "schema_migrations"."version" FROM "schema_migrations" ORDER BY "schema_migrations"."version" ASC[0m
  [1m[36mActiveRecord::InternalMetadata Load (1.7ms)[0m  [1m[34mSELECT * FROM "ar_internal_metadata" WHERE "ar_internal_metadata"."key" = $1 ORDER BY "ar_internal_metadata"."key" ASC LIMIT 1[0m  [[nil, "environment"]]
  [1m[35m (0.2ms)[0m  [1m[34mSELECT pg_advisory_unlock(1508658759281986305)[0m
  [1m[36mActiveRecord::SchemaMigration Load (0.1ms)[0m  [1m[34mSELECT "schema_migrations"."version" FROM "schema_migrations" ORDER BY "schema_migrations"."version" ASC[0m
  [1m[36mActiveRecord::SchemaMigration Load (1.8ms)[0m  [1m[34mSELECT "schema_migrations"."version" FROM "schema_migrations" ORDER BY "schema_migrations"."version" ASC[0m
  [1m[35m (0.1ms)[0m  [1m[34mSELECT pg_try_advisory_lock(1508658759281986305)[0m
  [1m[36mActiveRecord::SchemaMigration Load (1.7ms)[0m  [1m[34mSELECT "schema_migrations"."version" FROM "schema_migrations" ORDER BY "schema_migrations"."version" ASC[0m
  [1m[36mActiveRecord::InternalMetadata Load (1.7ms)[0m  [1m[34mSELECT * FROM "ar_internal_metadata" WHERE "ar_internal_metadata"."key" = $1 ORDER BY "ar_internal_metadata"."key" ASC LIMIT 1[0m  [[nil, "environment"]]
  [1m[35m (0.2ms)[0m  [1m[34mSELECT pg_advisory_unlock(1508658759281986305)[0m
  [1m[36mActiveRecord::SchemaMigration Load (0.2ms)[0m  [1m[34mSELECT "schema_migrations"."version" FROM "schema_migrations" ORDER BY "schema_migrations"."version" ASC[0m
  [1m[35m (0.1ms)[0m  [1m[34mSELECT pg_try_advisory_lock(1508658759281986305)[0m
  [1m[36mActiveRecord::SchemaMigration Load (1.4ms)[0m  [1m[34mSELECT "schema_migrations"."version" FROM "schema_migrations" ORDER BY "schema_migrations"."version" ASC[0m
  [1m[36mActiveRecord::InternalMetadata Load (1.5ms)[0m  [1m[34mSELECT * FROM "ar_internal_metadata" WHERE "ar_internal_metadata"."key" = $1 ORDER BY "ar_internal_metadata"."key" ASC LIMIT 1[0m  [[nil, "environment"]]
Migrating to AddPostsCounterToUsers (20231102160412)
  [1m[36mTRANSACTION (0.2ms)[0m  [1m[35mBEGIN[0m
  [1m[35m (3.0ms)[0m  [1m[35mALTER TABLE "users" ADD "posts_counter" integer DEFAULT 0[0m
  [1m[36mActiveRecord::SchemaMigration Create (0.3ms)[0m  [1m[32mINSERT INTO "schema_migrations" ("version") VALUES ('20231102160412') RETURNING "version"[0m
  [1m[36mTRANSACTION (0.9ms)[0m  [1m[35mCOMMIT[0m
  [1m[35m (0.2ms)[0m  [1m[34mSELECT pg_advisory_unlock(1508658759281986305)[0m
  [1m[36mActiveRecord::SchemaMigration Load (0.2ms)[0m  [1m[34mSELECT "schema_migrations"."version" FROM "schema_migrations" ORDER BY "schema_migrations"."version" ASC[0m
Started GET "/" for 127.0.0.1 at 2023-11-06 19:35:19 -0300
  [1m[36mActiveRecord::SchemaMigration Load (3.1ms)[0m  [1m[34mSELECT "schema_migrations"."version" FROM "schema_migrations" ORDER BY "schema_migrations"."version" ASC[0m
  
ActiveRecord::PendingMigrationError (

Migrations are pending. To resolve this issue, run:

        bin/rails db:migrate

You have 1 pending migration:

db/migrate/20231102160412_add_posts_counter_to_users.rb


):
  
activerecord (7.1.1) lib/active_record/migration.rb:753:in `check_pending_migrations'
activerecord (7.1.1) lib/active_record/migration.rb:642:in `block (2 levels) in call'
activesupport (7.1.1) lib/active_support/file_update_checker.rb:85:in `execute'
activerecord (7.1.1) lib/active_record/migration.rb:647:in `block in call'
activerecord (7.1.1) lib/active_record/migration.rb:639:in `synchronize'
activerecord (7.1.1) lib/active_record/migration.rb:639:in `call'
actionpack (7.1.1) lib/action_dispatch/middleware/callbacks.rb:29:in `block in call'
activesupport (7.1.1) lib/active_support/callbacks.rb:101:in `run_callbacks'
actionpack (7.1.1) lib/action_dispatch/middleware/callbacks.rb:28:in `call'
actionpack (7.1.1) lib/action_dispatch/middleware/executor.rb:14:in `call'
actionpack (7.1.1) lib/action_dispatch/middleware/actionable_exceptions.rb:16:in `call'
actionpack (7.1.1) lib/action_dispatch/middleware/debug_exceptions.rb:29:in `call'
web-console (4.2.1) lib/web_console/middleware.rb:132:in `call_app'
web-console (4.2.1) lib/web_console/middleware.rb:28:in `block in call'
web-console (4.2.1) lib/web_console/middleware.rb:17:in `catch'
web-console (4.2.1) lib/web_console/middleware.rb:17:in `call'
actionpack (7.1.1) lib/action_dispatch/middleware/show_exceptions.rb:31:in `call'
railties (7.1.1) lib/rails/rack/logger.rb:37:in `call_app'
railties (7.1.1) lib/rails/rack/logger.rb:24:in `block in call'
activesupport (7.1.1) lib/active_support/tagged_logging.rb:135:in `block in tagged'
activesupport (7.1.1) lib/active_support/tagged_logging.rb:39:in `tagged'
activesupport (7.1.1) lib/active_support/tagged_logging.rb:135:in `tagged'
activesupport (7.1.1) lib/active_support/broadcast_logger.rb:232:in `method_missing'
railties (7.1.1) lib/rails/rack/logger.rb:24:in `call'
sprockets-rails (3.4.2) lib/sprockets/rails/quiet_assets.rb:13:in `call'
actionpack (7.1.1) lib/action_dispatch/middleware/remote_ip.rb:92:in `call'
actionpack (7.1.1) lib/action_dispatch/middleware/request_id.rb:28:in `call'
rack (3.0.8) lib/rack/method_override.rb:28:in `call'
rack (3.0.8) lib/rack/runtime.rb:24:in `call'
activesupport (7.1.1) lib/active_support/cache/strategy/local_cache_middleware.rb:29:in `call'
actionpack (7.1.1) lib/action_dispatch/middleware/server_timing.rb:59:in `block in call'
actionpack (7.1.1) lib/action_dispatch/middleware/server_timing.rb:24:in `collect_events'
actionpack (7.1.1) lib/action_dispatch/middleware/server_timing.rb:58:in `call'
actionpack (7.1.1) lib/action_dispatch/middleware/executor.rb:14:in `call'
actionpack (7.1.1) lib/action_dispatch/middleware/static.rb:25:in `call'
rack (3.0.8) lib/rack/sendfile.rb:114:in `call'
actionpack (7.1.1) lib/action_dispatch/middleware/host_authorization.rb:141:in `call'
railties (7.1.1) lib/rails/engine.rb:529:in `call'
puma (6.4.0) lib/puma/configuration.rb:272:in `call'
puma (6.4.0) lib/puma/request.rb:100:in `block in handle_request'
puma (6.4.0) lib/puma/thread_pool.rb:378:in `with_force_shutdown'
puma (6.4.0) lib/puma/request.rb:99:in `handle_request'
puma (6.4.0) lib/puma/server.rb:443:in `process_client'
puma (6.4.0) lib/puma/server.rb:241:in `block in run'
puma (6.4.0) lib/puma/thread_pool.rb:155:in `block in spawn_thread'
Started GET "/" for 127.0.0.1 at 2023-11-06 19:35:29 -0300
  [1m[36mActiveRecord::SchemaMigration Load (0.3ms)[0m  [1m[34mSELECT "schema_migrations"."version" FROM "schema_migrations" ORDER BY "schema_migrations"."version" ASC[0m
  
ActiveRecord::PendingMigrationError (

Migrations are pending. To resolve this issue, run:

        bin/rails db:migrate

You have 1 pending migration:

db/migrate/20231102160412_add_posts_counter_to_users.rb


):
  
activerecord (7.1.1) lib/active_record/migration.rb:753:in `check_pending_migrations'
activerecord (7.1.1) lib/active_record/migration.rb:642:in `block (2 levels) in call'
activesupport (7.1.1) lib/active_support/file_update_checker.rb:85:in `execute'
activerecord (7.1.1) lib/active_record/migration.rb:647:in `block in call'
activerecord (7.1.1) lib/active_record/migration.rb:639:in `synchronize'
activerecord (7.1.1) lib/active_record/migration.rb:639:in `call'
actionpack (7.1.1) lib/action_dispatch/middleware/callbacks.rb:29:in `block in call'
activesupport (7.1.1) lib/active_support/callbacks.rb:101:in `run_callbacks'
actionpack (7.1.1) lib/action_dispatch/middleware/callbacks.rb:28:in `call'
actionpack (7.1.1) lib/action_dispatch/middleware/executor.rb:14:in `call'
actionpack (7.1.1) lib/action_dispatch/middleware/actionable_exceptions.rb:16:in `call'
actionpack (7.1.1) lib/action_dispatch/middleware/debug_exceptions.rb:29:in `call'
web-console (4.2.1) lib/web_console/middleware.rb:132:in `call_app'
web-console (4.2.1) lib/web_console/middleware.rb:28:in `block in call'
web-console (4.2.1) lib/web_console/middleware.rb:17:in `catch'
web-console (4.2.1) lib/web_console/middleware.rb:17:in `call'
actionpack (7.1.1) lib/action_dispatch/middleware/show_exceptions.rb:31:in `call'
railties (7.1.1) lib/rails/rack/logger.rb:37:in `call_app'
railties (7.1.1) lib/rails/rack/logger.rb:24:in `block in call'
activesupport (7.1.1) lib/active_support/tagged_logging.rb:135:in `block in tagged'
activesupport (7.1.1) lib/active_support/tagged_logging.rb:39:in `tagged'
activesupport (7.1.1) lib/active_support/tagged_logging.rb:135:in `tagged'
activesupport (7.1.1) lib/active_support/broadcast_logger.rb:232:in `method_missing'
railties (7.1.1) lib/rails/rack/logger.rb:24:in `call'
sprockets-rails (3.4.2) lib/sprockets/rails/quiet_assets.rb:13:in `call'
actionpack (7.1.1) lib/action_dispatch/middleware/remote_ip.rb:92:in `call'
actionpack (7.1.1) lib/action_dispatch/middleware/request_id.rb:28:in `call'
rack (3.0.8) lib/rack/method_override.rb:28:in `call'
rack (3.0.8) lib/rack/runtime.rb:24:in `call'
activesupport (7.1.1) lib/active_support/cache/strategy/local_cache_middleware.rb:29:in `call'
actionpack (7.1.1) lib/action_dispatch/middleware/server_timing.rb:59:in `block in call'
actionpack (7.1.1) lib/action_dispatch/middleware/server_timing.rb:24:in `collect_events'
actionpack (7.1.1) lib/action_dispatch/middleware/server_timing.rb:58:in `call'
actionpack (7.1.1) lib/action_dispatch/middleware/executor.rb:14:in `call'
actionpack (7.1.1) lib/action_dispatch/middleware/static.rb:25:in `call'
rack (3.0.8) lib/rack/sendfile.rb:114:in `call'
actionpack (7.1.1) lib/action_dispatch/middleware/host_authorization.rb:141:in `call'
railties (7.1.1) lib/rails/engine.rb:529:in `call'
puma (6.4.0) lib/puma/configuration.rb:272:in `call'
puma (6.4.0) lib/puma/request.rb:100:in `block in handle_request'
puma (6.4.0) lib/puma/thread_pool.rb:378:in `with_force_shutdown'
puma (6.4.0) lib/puma/request.rb:99:in `handle_request'
puma (6.4.0) lib/puma/server.rb:443:in `process_client'
puma (6.4.0) lib/puma/server.rb:241:in `block in run'
puma (6.4.0) lib/puma/thread_pool.rb:155:in `block in spawn_thread'
  [1m[35m (0.3ms)[0m  [1m[34mSELECT pg_try_advisory_lock(1508658759281986305)[0m
  [1m[36mActiveRecord::SchemaMigration Load (3.0ms)[0m  [1m[34mSELECT "schema_migrations"."version" FROM "schema_migrations" ORDER BY "schema_migrations"."version" ASC[0m
  [1m[36mActiveRecord::InternalMetadata Load (3.1ms)[0m  [1m[34mSELECT * FROM "ar_internal_metadata" WHERE "ar_internal_metadata"."key" = $1 ORDER BY "ar_internal_metadata"."key" ASC LIMIT 1[0m  [[nil, "environment"]]
Migrating to AddPostsCounterToUsers (20231102160412)
  [1m[36mTRANSACTION (0.4ms)[0m  [1m[35mBEGIN[0m
  [1m[35m (7.3ms)[0m  [1m[35mALTER TABLE "users" ADD "posts_counter" integer DEFAULT 0[0m
  [1m[36mActiveRecord::SchemaMigration Create (0.9ms)[0m  [1m[32mINSERT INTO "schema_migrations" ("version") VALUES ('20231102160412') RETURNING "version"[0m
  [1m[36mTRANSACTION (1.6ms)[0m  [1m[35mCOMMIT[0m
  [1m[35m (0.4ms)[0m  [1m[34mSELECT pg_advisory_unlock(1508658759281986305)[0m
  [1m[36mActiveRecord::SchemaMigration Load (0.4ms)[0m  [1m[34mSELECT "schema_migrations"."version" FROM "schema_migrations" ORDER BY "schema_migrations"."version" ASC[0m
Started GET "/" for 127.0.0.1 at 2023-11-06 19:36:25 -0300
  [1m[36mActiveRecord::SchemaMigration Load (0.3ms)[0m  [1m[34mSELECT "schema_migrations"."version" FROM "schema_migrations" ORDER BY "schema_migrations"."version" ASC[0m
  
ActionController::RoutingError (uninitialized constant PostsController):
  
Started GET "/" for 127.0.0.1 at 2023-11-06 19:36:32 -0300
Processing by Rails::WelcomeController#index as HTML
  Rendering C:/Ruby32-x64/lib/ruby/gems/3.2.0/gems/railties-7.1.1/lib/rails/templates/rails/welcome/index.html.erb
  Rendered C:/Ruby32-x64/lib/ruby/gems/3.2.0/gems/railties-7.1.1/lib/rails/templates/rails/welcome/index.html.erb (Duration: 1.5ms | Allocations: 271)
Completed 200 OK in 40ms (Views: 6.0ms | ActiveRecord: 0.0ms | Allocations: 2039)


